[2025-05-15 13:27:02] local.ERROR: Firebase credentials file not found at path: C:\Users\Moe\Documents\Nubian Code\Projects\Yalla Emtihan\code\yalla-emtihan-backend\yalla-emtihan\storage\firebase_credentials.json {"exception":"[object] (RuntimeException(code: 0): Firebase credentials file not found at path: C:\\Users\\Moe\\Documents\\Nubian Code\\Projects\\Yalla Emtihan\\code\\yalla-emtihan-backend\\yalla-emtihan\\storage\\firebase_credentials.json at C:\\Users\\Moe\\Documents\\Nubian Code\\Projects\\Yalla Emtihan\\code\\yalla-emtihan-backend\\yalla-emtihan\\app\\Providers\\FirebaseServiceProvider.php:17)
[stacktrace]
#0 C:\\Users\\Moe\\Documents\\Nubian Code\\Projects\\Yalla Emtihan\\code\\yalla-emtihan-backend\\yalla-emtihan\\vendor\\laravel\\framework\\src\\Illuminate\\Container\\Container.php(873): App\\Providers\\FirebaseServiceProvider->App\\Providers\\{closure}(Object(Laravel\\Lumen\\Application), Array)
#1 C:\\Users\\Moe\\Documents\\Nubian Code\\Projects\\Yalla Emtihan\\code\\yalla-emtihan-backend\\yalla-emtihan\\vendor\\laravel\\framework\\src\\Illuminate\\Container\\Container.php(758): Illuminate\\Container\\Container->build(Object(Closure))
#2 C:\\Users\\Moe\\Documents\\Nubian Code\\Projects\\Yalla Emtihan\\code\\yalla-emtihan-backend\\yalla-emtihan\\vendor\\laravel\\framework\\src\\Illuminate\\Container\\Container.php(694): Illuminate\\Container\\Container->resolve('Kreait\\\\Firebase...', Array)
#3 C:\\Users\\Moe\\Documents\\Nubian Code\\Projects\\Yalla Emtihan\\code\\yalla-emtihan-backend\\yalla-emtihan\\vendor\\laravel\\lumen-framework\\src\\Application.php(300): Illuminate\\Container\\Container->make('Kreait\\\\Firebase...', Array)
#4 C:\\Users\\Moe\\Documents\\Nubian Code\\Projects\\Yalla Emtihan\\code\\yalla-emtihan-backend\\yalla-emtihan\\vendor\\laravel\\framework\\src\\Illuminate\\Container\\Container.php(1027): Laravel\\Lumen\\Application->make('Kreait\\\\Firebase...')
#5 C:\\Users\\Moe\\Documents\\Nubian Code\\Projects\\Yalla Emtihan\\code\\yalla-emtihan-backend\\yalla-emtihan\\vendor\\laravel\\framework\\src\\Illuminate\\Container\\Container.php(947): Illuminate\\Container\\Container->resolveClass(Object(ReflectionParameter))
#6 C:\\Users\\Moe\\Documents\\Nubian Code\\Projects\\Yalla Emtihan\\code\\yalla-emtihan-backend\\yalla-emtihan\\vendor\\laravel\\framework\\src\\Illuminate\\Container\\Container.php(908): Illuminate\\Container\\Container->resolveDependencies(Array)
#7 C:\\Users\\Moe\\Documents\\Nubian Code\\Projects\\Yalla Emtihan\\code\\yalla-emtihan-backend\\yalla-emtihan\\vendor\\laravel\\framework\\src\\Illuminate\\Container\\Container.php(758): Illuminate\\Container\\Container->build('App\\\\Services\\\\Fi...')
#8 C:\\Users\\Moe\\Documents\\Nubian Code\\Projects\\Yalla Emtihan\\code\\yalla-emtihan-backend\\yalla-emtihan\\vendor\\laravel\\framework\\src\\Illuminate\\Container\\Container.php(694): Illuminate\\Container\\Container->resolve('App\\\\Services\\\\Fi...', Array)
#9 C:\\Users\\Moe\\Documents\\Nubian Code\\Projects\\Yalla Emtihan\\code\\yalla-emtihan-backend\\yalla-emtihan\\vendor\\laravel\\lumen-framework\\src\\Application.php(300): Illuminate\\Container\\Container->make('App\\\\Services\\\\Fi...', Array)
#10 C:\\Users\\Moe\\Documents\\Nubian Code\\Projects\\Yalla Emtihan\\code\\yalla-emtihan-backend\\yalla-emtihan\\vendor\\laravel\\framework\\src\\Illuminate\\Foundation\\helpers.php(119): Laravel\\Lumen\\Application->make('App\\\\Services\\\\Fi...', Array)
#11 C:\\Users\\Moe\\Documents\\Nubian Code\\Projects\\Yalla Emtihan\\code\\yalla-emtihan-backend\\yalla-emtihan\\app\\Http\\Controllers\\Notification.php(16): app('App\\\\Services\\\\Fi...')
#12 C:\\Users\\Moe\\Documents\\Nubian Code\\Projects\\Yalla Emtihan\\code\\yalla-emtihan-backend\\yalla-emtihan\\app\\Http\\Controllers\\SchoolController.php(59): App\\Http\\Controllers\\Notification->__construct()
#13 [internal function]: App\\Http\\Controllers\\SchoolController->__construct()
#14 C:\\Users\\Moe\\Documents\\Nubian Code\\Projects\\Yalla Emtihan\\code\\yalla-emtihan-backend\\yalla-emtihan\\vendor\\laravel\\framework\\src\\Illuminate\\Container\\Container.php(917): ReflectionClass->newInstanceArgs(Array)
#15 C:\\Users\\Moe\\Documents\\Nubian Code\\Projects\\Yalla Emtihan\\code\\yalla-emtihan-backend\\yalla-emtihan\\vendor\\laravel\\framework\\src\\Illuminate\\Container\\Container.php(758): Illuminate\\Container\\Container->build('App\\\\Http\\\\Contro...')
#16 C:\\Users\\Moe\\Documents\\Nubian Code\\Projects\\Yalla Emtihan\\code\\yalla-emtihan-backend\\yalla-emtihan\\vendor\\laravel\\framework\\src\\Illuminate\\Container\\Container.php(694): Illuminate\\Container\\Container->resolve('App\\\\Http\\\\Contro...', Array)
#17 C:\\Users\\Moe\\Documents\\Nubian Code\\Projects\\Yalla Emtihan\\code\\yalla-emtihan-backend\\yalla-emtihan\\vendor\\laravel\\lumen-framework\\src\\Application.php(300): Illuminate\\Container\\Container->make('App\\\\Http\\\\Contro...', Array)
#18 C:\\Users\\Moe\\Documents\\Nubian Code\\Projects\\Yalla Emtihan\\code\\yalla-emtihan-backend\\yalla-emtihan\\vendor\\laravel\\lumen-framework\\src\\Concerns\\RoutesRequests.php(324): Laravel\\Lumen\\Application->make('App\\\\Http\\\\Contro...')
#19 C:\\Users\\Moe\\Documents\\Nubian Code\\Projects\\Yalla Emtihan\\code\\yalla-emtihan-backend\\yalla-emtihan\\vendor\\laravel\\lumen-framework\\src\\Concerns\\RoutesRequests.php(282): Laravel\\Lumen\\Application->callControllerAction(Array)
#20 C:\\Users\\Moe\\Documents\\Nubian Code\\Projects\\Yalla Emtihan\\code\\yalla-emtihan-backend\\yalla-emtihan\\vendor\\laravel\\lumen-framework\\src\\Concerns\\RoutesRequests.php(267): Laravel\\Lumen\\Application->callActionOnArrayBasedRoute(Array)
#21 C:\\Users\\Moe\\Documents\\Nubian Code\\Projects\\Yalla Emtihan\\code\\yalla-emtihan-backend\\yalla-emtihan\\vendor\\laravel\\lumen-framework\\src\\Concerns\\RoutesRequests.php(169): Laravel\\Lumen\\Application->handleFoundRoute(Array)
#22 C:\\Users\\Moe\\Documents\\Nubian Code\\Projects\\Yalla Emtihan\\code\\yalla-emtihan-backend\\yalla-emtihan\\vendor\\laravel\\lumen-framework\\src\\Routing\\Pipeline.php(48): Laravel\\Lumen\\Application->Laravel\\Lumen\\Concerns\\{closure}(Object(Laravel\\Lumen\\Http\\Request))
#23 C:\\Users\\Moe\\Documents\\Nubian Code\\Projects\\Yalla Emtihan\\code\\yalla-emtihan-backend\\yalla-emtihan\\vendor\\fruitcake\\laravel-cors\\src\\HandleCors.php(38): Laravel\\Lumen\\Routing\\Pipeline->Laravel\\Lumen\\Routing\\{closure}(Object(Laravel\\Lumen\\Http\\Request))
#24 C:\\Users\\Moe\\Documents\\Nubian Code\\Projects\\Yalla Emtihan\\code\\yalla-emtihan-backend\\yalla-emtihan\\vendor\\laravel\\framework\\src\\Illuminate\\Pipeline\\Pipeline.php(167): Fruitcake\\Cors\\HandleCors->handle(Object(Laravel\\Lumen\\Http\\Request), Object(Closure))
#25 C:\\Users\\Moe\\Documents\\Nubian Code\\Projects\\Yalla Emtihan\\code\\yalla-emtihan-backend\\yalla-emtihan\\vendor\\laravel\\lumen-framework\\src\\Routing\\Pipeline.php(30): Illuminate\\Pipeline\\Pipeline->Illuminate\\Pipeline\\{closure}(Object(Laravel\\Lumen\\Http\\Request))
#26 C:\\Users\\Moe\\Documents\\Nubian Code\\Projects\\Yalla Emtihan\\code\\yalla-emtihan-backend\\yalla-emtihan\\vendor\\laravel\\framework\\src\\Illuminate\\Pipeline\\Pipeline.php(103): Laravel\\Lumen\\Routing\\Pipeline->Laravel\\Lumen\\Routing\\{closure}(Object(Laravel\\Lumen\\Http\\Request))
#27 C:\\Users\\Moe\\Documents\\Nubian Code\\Projects\\Yalla Emtihan\\code\\yalla-emtihan-backend\\yalla-emtihan\\vendor\\laravel\\lumen-framework\\src\\Concerns\\RoutesRequests.php(426): Illuminate\\Pipeline\\Pipeline->then(Object(Closure))
#28 C:\\Users\\Moe\\Documents\\Nubian Code\\Projects\\Yalla Emtihan\\code\\yalla-emtihan-backend\\yalla-emtihan\\vendor\\laravel\\lumen-framework\\src\\Concerns\\RoutesRequests.php(175): Laravel\\Lumen\\Application->sendThroughPipeline(Array, Object(Closure))
#29 C:\\Users\\Moe\\Documents\\Nubian Code\\Projects\\Yalla Emtihan\\code\\yalla-emtihan-backend\\yalla-emtihan\\vendor\\laravel\\lumen-framework\\src\\Concerns\\RoutesRequests.php(112): Laravel\\Lumen\\Application->dispatch(NULL)
#30 C:\\Users\\Moe\\Documents\\Nubian Code\\Projects\\Yalla Emtihan\\code\\yalla-emtihan-backend\\yalla-emtihan\\public\\index.php(28): Laravel\\Lumen\\Application->run()
#31 {main}
"} 
[2025-05-15 13:27:05] local.ERROR: Firebase credentials file not found at path: C:\Users\Moe\Documents\Nubian Code\Projects\Yalla Emtihan\code\yalla-emtihan-backend\yalla-emtihan\storage\firebase_credentials.json {"exception":"[object] (RuntimeException(code: 0): Firebase credentials file not found at path: C:\\Users\\Moe\\Documents\\Nubian Code\\Projects\\Yalla Emtihan\\code\\yalla-emtihan-backend\\yalla-emtihan\\storage\\firebase_credentials.json at C:\\Users\\Moe\\Documents\\Nubian Code\\Projects\\Yalla Emtihan\\code\\yalla-emtihan-backend\\yalla-emtihan\\app\\Providers\\FirebaseServiceProvider.php:17)
[stacktrace]
#0 C:\\Users\\Moe\\Documents\\Nubian Code\\Projects\\Yalla Emtihan\\code\\yalla-emtihan-backend\\yalla-emtihan\\vendor\\laravel\\framework\\src\\Illuminate\\Container\\Container.php(873): App\\Providers\\FirebaseServiceProvider->App\\Providers\\{closure}(Object(Laravel\\Lumen\\Application), Array)
#1 C:\\Users\\Moe\\Documents\\Nubian Code\\Projects\\Yalla Emtihan\\code\\yalla-emtihan-backend\\yalla-emtihan\\vendor\\laravel\\framework\\src\\Illuminate\\Container\\Container.php(758): Illuminate\\Container\\Container->build(Object(Closure))
#2 C:\\Users\\Moe\\Documents\\Nubian Code\\Projects\\Yalla Emtihan\\code\\yalla-emtihan-backend\\yalla-emtihan\\vendor\\laravel\\framework\\src\\Illuminate\\Container\\Container.php(694): Illuminate\\Container\\Container->resolve('Kreait\\\\Firebase...', Array)
#3 C:\\Users\\Moe\\Documents\\Nubian Code\\Projects\\Yalla Emtihan\\code\\yalla-emtihan-backend\\yalla-emtihan\\vendor\\laravel\\lumen-framework\\src\\Application.php(300): Illuminate\\Container\\Container->make('Kreait\\\\Firebase...', Array)
#4 C:\\Users\\Moe\\Documents\\Nubian Code\\Projects\\Yalla Emtihan\\code\\yalla-emtihan-backend\\yalla-emtihan\\vendor\\laravel\\framework\\src\\Illuminate\\Container\\Container.php(1027): Laravel\\Lumen\\Application->make('Kreait\\\\Firebase...')
#5 C:\\Users\\Moe\\Documents\\Nubian Code\\Projects\\Yalla Emtihan\\code\\yalla-emtihan-backend\\yalla-emtihan\\vendor\\laravel\\framework\\src\\Illuminate\\Container\\Container.php(947): Illuminate\\Container\\Container->resolveClass(Object(ReflectionParameter))
#6 C:\\Users\\Moe\\Documents\\Nubian Code\\Projects\\Yalla Emtihan\\code\\yalla-emtihan-backend\\yalla-emtihan\\vendor\\laravel\\framework\\src\\Illuminate\\Container\\Container.php(908): Illuminate\\Container\\Container->resolveDependencies(Array)
#7 C:\\Users\\Moe\\Documents\\Nubian Code\\Projects\\Yalla Emtihan\\code\\yalla-emtihan-backend\\yalla-emtihan\\vendor\\laravel\\framework\\src\\Illuminate\\Container\\Container.php(758): Illuminate\\Container\\Container->build('App\\\\Services\\\\Fi...')
#8 C:\\Users\\Moe\\Documents\\Nubian Code\\Projects\\Yalla Emtihan\\code\\yalla-emtihan-backend\\yalla-emtihan\\vendor\\laravel\\framework\\src\\Illuminate\\Container\\Container.php(694): Illuminate\\Container\\Container->resolve('App\\\\Services\\\\Fi...', Array)
#9 C:\\Users\\Moe\\Documents\\Nubian Code\\Projects\\Yalla Emtihan\\code\\yalla-emtihan-backend\\yalla-emtihan\\vendor\\laravel\\lumen-framework\\src\\Application.php(300): Illuminate\\Container\\Container->make('App\\\\Services\\\\Fi...', Array)
#10 C:\\Users\\Moe\\Documents\\Nubian Code\\Projects\\Yalla Emtihan\\code\\yalla-emtihan-backend\\yalla-emtihan\\vendor\\laravel\\framework\\src\\Illuminate\\Foundation\\helpers.php(119): Laravel\\Lumen\\Application->make('App\\\\Services\\\\Fi...', Array)
#11 C:\\Users\\Moe\\Documents\\Nubian Code\\Projects\\Yalla Emtihan\\code\\yalla-emtihan-backend\\yalla-emtihan\\app\\Http\\Controllers\\Notification.php(16): app('App\\\\Services\\\\Fi...')
#12 C:\\Users\\Moe\\Documents\\Nubian Code\\Projects\\Yalla Emtihan\\code\\yalla-emtihan-backend\\yalla-emtihan\\app\\Http\\Controllers\\HomeworksController.php(27): App\\Http\\Controllers\\Notification->__construct()
#13 [internal function]: App\\Http\\Controllers\\HomeworksController->__construct()
#14 C:\\Users\\Moe\\Documents\\Nubian Code\\Projects\\Yalla Emtihan\\code\\yalla-emtihan-backend\\yalla-emtihan\\vendor\\laravel\\framework\\src\\Illuminate\\Container\\Container.php(917): ReflectionClass->newInstanceArgs(Array)
#15 C:\\Users\\Moe\\Documents\\Nubian Code\\Projects\\Yalla Emtihan\\code\\yalla-emtihan-backend\\yalla-emtihan\\vendor\\laravel\\framework\\src\\Illuminate\\Container\\Container.php(758): Illuminate\\Container\\Container->build('App\\\\Http\\\\Contro...')
#16 C:\\Users\\Moe\\Documents\\Nubian Code\\Projects\\Yalla Emtihan\\code\\yalla-emtihan-backend\\yalla-emtihan\\vendor\\laravel\\framework\\src\\Illuminate\\Container\\Container.php(694): Illuminate\\Container\\Container->resolve('App\\\\Http\\\\Contro...', Array)
#17 C:\\Users\\Moe\\Documents\\Nubian Code\\Projects\\Yalla Emtihan\\code\\yalla-emtihan-backend\\yalla-emtihan\\vendor\\laravel\\lumen-framework\\src\\Application.php(300): Illuminate\\Container\\Container->make('App\\\\Http\\\\Contro...', Array)
#18 C:\\Users\\Moe\\Documents\\Nubian Code\\Projects\\Yalla Emtihan\\code\\yalla-emtihan-backend\\yalla-emtihan\\vendor\\laravel\\lumen-framework\\src\\Concerns\\RoutesRequests.php(324): Laravel\\Lumen\\Application->make('App\\\\Http\\\\Contro...')
#19 C:\\Users\\Moe\\Documents\\Nubian Code\\Projects\\Yalla Emtihan\\code\\yalla-emtihan-backend\\yalla-emtihan\\vendor\\laravel\\lumen-framework\\src\\Concerns\\RoutesRequests.php(282): Laravel\\Lumen\\Application->callControllerAction(Array)
#20 C:\\Users\\Moe\\Documents\\Nubian Code\\Projects\\Yalla Emtihan\\code\\yalla-emtihan-backend\\yalla-emtihan\\vendor\\laravel\\lumen-framework\\src\\Concerns\\RoutesRequests.php(267): Laravel\\Lumen\\Application->callActionOnArrayBasedRoute(Array)
#21 C:\\Users\\Moe\\Documents\\Nubian Code\\Projects\\Yalla Emtihan\\code\\yalla-emtihan-backend\\yalla-emtihan\\vendor\\laravel\\lumen-framework\\src\\Concerns\\RoutesRequests.php(169): Laravel\\Lumen\\Application->handleFoundRoute(Array)
#22 C:\\Users\\Moe\\Documents\\Nubian Code\\Projects\\Yalla Emtihan\\code\\yalla-emtihan-backend\\yalla-emtihan\\vendor\\laravel\\lumen-framework\\src\\Routing\\Pipeline.php(48): Laravel\\Lumen\\Application->Laravel\\Lumen\\Concerns\\{closure}(Object(Laravel\\Lumen\\Http\\Request))
#23 C:\\Users\\Moe\\Documents\\Nubian Code\\Projects\\Yalla Emtihan\\code\\yalla-emtihan-backend\\yalla-emtihan\\vendor\\fruitcake\\laravel-cors\\src\\HandleCors.php(38): Laravel\\Lumen\\Routing\\Pipeline->Laravel\\Lumen\\Routing\\{closure}(Object(Laravel\\Lumen\\Http\\Request))
#24 C:\\Users\\Moe\\Documents\\Nubian Code\\Projects\\Yalla Emtihan\\code\\yalla-emtihan-backend\\yalla-emtihan\\vendor\\laravel\\framework\\src\\Illuminate\\Pipeline\\Pipeline.php(167): Fruitcake\\Cors\\HandleCors->handle(Object(Laravel\\Lumen\\Http\\Request), Object(Closure))
#25 C:\\Users\\Moe\\Documents\\Nubian Code\\Projects\\Yalla Emtihan\\code\\yalla-emtihan-backend\\yalla-emtihan\\vendor\\laravel\\lumen-framework\\src\\Routing\\Pipeline.php(30): Illuminate\\Pipeline\\Pipeline->Illuminate\\Pipeline\\{closure}(Object(Laravel\\Lumen\\Http\\Request))
#26 C:\\Users\\Moe\\Documents\\Nubian Code\\Projects\\Yalla Emtihan\\code\\yalla-emtihan-backend\\yalla-emtihan\\vendor\\laravel\\framework\\src\\Illuminate\\Pipeline\\Pipeline.php(103): Laravel\\Lumen\\Routing\\Pipeline->Laravel\\Lumen\\Routing\\{closure}(Object(Laravel\\Lumen\\Http\\Request))
#27 C:\\Users\\Moe\\Documents\\Nubian Code\\Projects\\Yalla Emtihan\\code\\yalla-emtihan-backend\\yalla-emtihan\\vendor\\laravel\\lumen-framework\\src\\Concerns\\RoutesRequests.php(426): Illuminate\\Pipeline\\Pipeline->then(Object(Closure))
#28 C:\\Users\\Moe\\Documents\\Nubian Code\\Projects\\Yalla Emtihan\\code\\yalla-emtihan-backend\\yalla-emtihan\\vendor\\laravel\\lumen-framework\\src\\Concerns\\RoutesRequests.php(175): Laravel\\Lumen\\Application->sendThroughPipeline(Array, Object(Closure))
#29 C:\\Users\\Moe\\Documents\\Nubian Code\\Projects\\Yalla Emtihan\\code\\yalla-emtihan-backend\\yalla-emtihan\\vendor\\laravel\\lumen-framework\\src\\Concerns\\RoutesRequests.php(112): Laravel\\Lumen\\Application->dispatch(NULL)
#30 C:\\Users\\Moe\\Documents\\Nubian Code\\Projects\\Yalla Emtihan\\code\\yalla-emtihan-backend\\yalla-emtihan\\public\\index.php(28): Laravel\\Lumen\\Application->run()
#31 {main}
"} 
[2025-05-15 13:27:12] local.ERROR: Firebase credentials file not found at path: C:\Users\Moe\Documents\Nubian Code\Projects\Yalla Emtihan\code\yalla-emtihan-backend\yalla-emtihan\storage\firebase_credentials.json {"exception":"[object] (RuntimeException(code: 0): Firebase credentials file not found at path: C:\\Users\\Moe\\Documents\\Nubian Code\\Projects\\Yalla Emtihan\\code\\yalla-emtihan-backend\\yalla-emtihan\\storage\\firebase_credentials.json at C:\\Users\\Moe\\Documents\\Nubian Code\\Projects\\Yalla Emtihan\\code\\yalla-emtihan-backend\\yalla-emtihan\\app\\Providers\\FirebaseServiceProvider.php:17)
[stacktrace]
#0 C:\\Users\\Moe\\Documents\\Nubian Code\\Projects\\Yalla Emtihan\\code\\yalla-emtihan-backend\\yalla-emtihan\\vendor\\laravel\\framework\\src\\Illuminate\\Container\\Container.php(873): App\\Providers\\FirebaseServiceProvider->App\\Providers\\{closure}(Object(Laravel\\Lumen\\Application), Array)
#1 C:\\Users\\Moe\\Documents\\Nubian Code\\Projects\\Yalla Emtihan\\code\\yalla-emtihan-backend\\yalla-emtihan\\vendor\\laravel\\framework\\src\\Illuminate\\Container\\Container.php(758): Illuminate\\Container\\Container->build(Object(Closure))
#2 C:\\Users\\Moe\\Documents\\Nubian Code\\Projects\\Yalla Emtihan\\code\\yalla-emtihan-backend\\yalla-emtihan\\vendor\\laravel\\framework\\src\\Illuminate\\Container\\Container.php(694): Illuminate\\Container\\Container->resolve('Kreait\\\\Firebase...', Array)
#3 C:\\Users\\Moe\\Documents\\Nubian Code\\Projects\\Yalla Emtihan\\code\\yalla-emtihan-backend\\yalla-emtihan\\vendor\\laravel\\lumen-framework\\src\\Application.php(300): Illuminate\\Container\\Container->make('Kreait\\\\Firebase...', Array)
#4 C:\\Users\\Moe\\Documents\\Nubian Code\\Projects\\Yalla Emtihan\\code\\yalla-emtihan-backend\\yalla-emtihan\\vendor\\laravel\\framework\\src\\Illuminate\\Container\\Container.php(1027): Laravel\\Lumen\\Application->make('Kreait\\\\Firebase...')
#5 C:\\Users\\Moe\\Documents\\Nubian Code\\Projects\\Yalla Emtihan\\code\\yalla-emtihan-backend\\yalla-emtihan\\vendor\\laravel\\framework\\src\\Illuminate\\Container\\Container.php(947): Illuminate\\Container\\Container->resolveClass(Object(ReflectionParameter))
#6 C:\\Users\\Moe\\Documents\\Nubian Code\\Projects\\Yalla Emtihan\\code\\yalla-emtihan-backend\\yalla-emtihan\\vendor\\laravel\\framework\\src\\Illuminate\\Container\\Container.php(908): Illuminate\\Container\\Container->resolveDependencies(Array)
#7 C:\\Users\\Moe\\Documents\\Nubian Code\\Projects\\Yalla Emtihan\\code\\yalla-emtihan-backend\\yalla-emtihan\\vendor\\laravel\\framework\\src\\Illuminate\\Container\\Container.php(758): Illuminate\\Container\\Container->build('App\\\\Services\\\\Fi...')
#8 C:\\Users\\Moe\\Documents\\Nubian Code\\Projects\\Yalla Emtihan\\code\\yalla-emtihan-backend\\yalla-emtihan\\vendor\\laravel\\framework\\src\\Illuminate\\Container\\Container.php(694): Illuminate\\Container\\Container->resolve('App\\\\Services\\\\Fi...', Array)
#9 C:\\Users\\Moe\\Documents\\Nubian Code\\Projects\\Yalla Emtihan\\code\\yalla-emtihan-backend\\yalla-emtihan\\vendor\\laravel\\lumen-framework\\src\\Application.php(300): Illuminate\\Container\\Container->make('App\\\\Services\\\\Fi...', Array)
#10 C:\\Users\\Moe\\Documents\\Nubian Code\\Projects\\Yalla Emtihan\\code\\yalla-emtihan-backend\\yalla-emtihan\\vendor\\laravel\\framework\\src\\Illuminate\\Foundation\\helpers.php(119): Laravel\\Lumen\\Application->make('App\\\\Services\\\\Fi...', Array)
#11 C:\\Users\\Moe\\Documents\\Nubian Code\\Projects\\Yalla Emtihan\\code\\yalla-emtihan-backend\\yalla-emtihan\\app\\Http\\Controllers\\Notification.php(16): app('App\\\\Services\\\\Fi...')
#12 C:\\Users\\Moe\\Documents\\Nubian Code\\Projects\\Yalla Emtihan\\code\\yalla-emtihan-backend\\yalla-emtihan\\app\\Http\\Controllers\\HomeworksController.php(27): App\\Http\\Controllers\\Notification->__construct()
#13 [internal function]: App\\Http\\Controllers\\HomeworksController->__construct()
#14 C:\\Users\\Moe\\Documents\\Nubian Code\\Projects\\Yalla Emtihan\\code\\yalla-emtihan-backend\\yalla-emtihan\\vendor\\laravel\\framework\\src\\Illuminate\\Container\\Container.php(917): ReflectionClass->newInstanceArgs(Array)
#15 C:\\Users\\Moe\\Documents\\Nubian Code\\Projects\\Yalla Emtihan\\code\\yalla-emtihan-backend\\yalla-emtihan\\vendor\\laravel\\framework\\src\\Illuminate\\Container\\Container.php(758): Illuminate\\Container\\Container->build('App\\\\Http\\\\Contro...')
#16 C:\\Users\\Moe\\Documents\\Nubian Code\\Projects\\Yalla Emtihan\\code\\yalla-emtihan-backend\\yalla-emtihan\\vendor\\laravel\\framework\\src\\Illuminate\\Container\\Container.php(694): Illuminate\\Container\\Container->resolve('App\\\\Http\\\\Contro...', Array)
#17 C:\\Users\\Moe\\Documents\\Nubian Code\\Projects\\Yalla Emtihan\\code\\yalla-emtihan-backend\\yalla-emtihan\\vendor\\laravel\\lumen-framework\\src\\Application.php(300): Illuminate\\Container\\Container->make('App\\\\Http\\\\Contro...', Array)
#18 C:\\Users\\Moe\\Documents\\Nubian Code\\Projects\\Yalla Emtihan\\code\\yalla-emtihan-backend\\yalla-emtihan\\vendor\\laravel\\lumen-framework\\src\\Concerns\\RoutesRequests.php(324): Laravel\\Lumen\\Application->make('App\\\\Http\\\\Contro...')
#19 C:\\Users\\Moe\\Documents\\Nubian Code\\Projects\\Yalla Emtihan\\code\\yalla-emtihan-backend\\yalla-emtihan\\vendor\\laravel\\lumen-framework\\src\\Concerns\\RoutesRequests.php(282): Laravel\\Lumen\\Application->callControllerAction(Array)
#20 C:\\Users\\Moe\\Documents\\Nubian Code\\Projects\\Yalla Emtihan\\code\\yalla-emtihan-backend\\yalla-emtihan\\vendor\\laravel\\lumen-framework\\src\\Concerns\\RoutesRequests.php(267): Laravel\\Lumen\\Application->callActionOnArrayBasedRoute(Array)
#21 C:\\Users\\Moe\\Documents\\Nubian Code\\Projects\\Yalla Emtihan\\code\\yalla-emtihan-backend\\yalla-emtihan\\vendor\\laravel\\lumen-framework\\src\\Concerns\\RoutesRequests.php(169): Laravel\\Lumen\\Application->handleFoundRoute(Array)
#22 C:\\Users\\Moe\\Documents\\Nubian Code\\Projects\\Yalla Emtihan\\code\\yalla-emtihan-backend\\yalla-emtihan\\vendor\\laravel\\lumen-framework\\src\\Routing\\Pipeline.php(48): Laravel\\Lumen\\Application->Laravel\\Lumen\\Concerns\\{closure}(Object(Laravel\\Lumen\\Http\\Request))
#23 C:\\Users\\Moe\\Documents\\Nubian Code\\Projects\\Yalla Emtihan\\code\\yalla-emtihan-backend\\yalla-emtihan\\vendor\\fruitcake\\laravel-cors\\src\\HandleCors.php(38): Laravel\\Lumen\\Routing\\Pipeline->Laravel\\Lumen\\Routing\\{closure}(Object(Laravel\\Lumen\\Http\\Request))
#24 C:\\Users\\Moe\\Documents\\Nubian Code\\Projects\\Yalla Emtihan\\code\\yalla-emtihan-backend\\yalla-emtihan\\vendor\\laravel\\framework\\src\\Illuminate\\Pipeline\\Pipeline.php(167): Fruitcake\\Cors\\HandleCors->handle(Object(Laravel\\Lumen\\Http\\Request), Object(Closure))
#25 C:\\Users\\Moe\\Documents\\Nubian Code\\Projects\\Yalla Emtihan\\code\\yalla-emtihan-backend\\yalla-emtihan\\vendor\\laravel\\lumen-framework\\src\\Routing\\Pipeline.php(30): Illuminate\\Pipeline\\Pipeline->Illuminate\\Pipeline\\{closure}(Object(Laravel\\Lumen\\Http\\Request))
#26 C:\\Users\\Moe\\Documents\\Nubian Code\\Projects\\Yalla Emtihan\\code\\yalla-emtihan-backend\\yalla-emtihan\\vendor\\laravel\\framework\\src\\Illuminate\\Pipeline\\Pipeline.php(103): Laravel\\Lumen\\Routing\\Pipeline->Laravel\\Lumen\\Routing\\{closure}(Object(Laravel\\Lumen\\Http\\Request))
#27 C:\\Users\\Moe\\Documents\\Nubian Code\\Projects\\Yalla Emtihan\\code\\yalla-emtihan-backend\\yalla-emtihan\\vendor\\laravel\\lumen-framework\\src\\Concerns\\RoutesRequests.php(426): Illuminate\\Pipeline\\Pipeline->then(Object(Closure))
#28 C:\\Users\\Moe\\Documents\\Nubian Code\\Projects\\Yalla Emtihan\\code\\yalla-emtihan-backend\\yalla-emtihan\\vendor\\laravel\\lumen-framework\\src\\Concerns\\RoutesRequests.php(175): Laravel\\Lumen\\Application->sendThroughPipeline(Array, Object(Closure))
#29 C:\\Users\\Moe\\Documents\\Nubian Code\\Projects\\Yalla Emtihan\\code\\yalla-emtihan-backend\\yalla-emtihan\\vendor\\laravel\\lumen-framework\\src\\Concerns\\RoutesRequests.php(112): Laravel\\Lumen\\Application->dispatch(NULL)
#30 C:\\Users\\Moe\\Documents\\Nubian Code\\Projects\\Yalla Emtihan\\code\\yalla-emtihan-backend\\yalla-emtihan\\public\\index.php(28): Laravel\\Lumen\\Application->run()
#31 {main}
"} 
[2025-05-15 13:27:17] local.ERROR: Firebase credentials file not found at path: C:\Users\Moe\Documents\Nubian Code\Projects\Yalla Emtihan\code\yalla-emtihan-backend\yalla-emtihan\storage\firebase_credentials.json {"exception":"[object] (RuntimeException(code: 0): Firebase credentials file not found at path: C:\\Users\\Moe\\Documents\\Nubian Code\\Projects\\Yalla Emtihan\\code\\yalla-emtihan-backend\\yalla-emtihan\\storage\\firebase_credentials.json at C:\\Users\\Moe\\Documents\\Nubian Code\\Projects\\Yalla Emtihan\\code\\yalla-emtihan-backend\\yalla-emtihan\\app\\Providers\\FirebaseServiceProvider.php:17)
[stacktrace]
#0 C:\\Users\\Moe\\Documents\\Nubian Code\\Projects\\Yalla Emtihan\\code\\yalla-emtihan-backend\\yalla-emtihan\\vendor\\laravel\\framework\\src\\Illuminate\\Container\\Container.php(873): App\\Providers\\FirebaseServiceProvider->App\\Providers\\{closure}(Object(Laravel\\Lumen\\Application), Array)
#1 C:\\Users\\Moe\\Documents\\Nubian Code\\Projects\\Yalla Emtihan\\code\\yalla-emtihan-backend\\yalla-emtihan\\vendor\\laravel\\framework\\src\\Illuminate\\Container\\Container.php(758): Illuminate\\Container\\Container->build(Object(Closure))
#2 C:\\Users\\Moe\\Documents\\Nubian Code\\Projects\\Yalla Emtihan\\code\\yalla-emtihan-backend\\yalla-emtihan\\vendor\\laravel\\framework\\src\\Illuminate\\Container\\Container.php(694): Illuminate\\Container\\Container->resolve('Kreait\\\\Firebase...', Array)
#3 C:\\Users\\Moe\\Documents\\Nubian Code\\Projects\\Yalla Emtihan\\code\\yalla-emtihan-backend\\yalla-emtihan\\vendor\\laravel\\lumen-framework\\src\\Application.php(300): Illuminate\\Container\\Container->make('Kreait\\\\Firebase...', Array)
#4 C:\\Users\\Moe\\Documents\\Nubian Code\\Projects\\Yalla Emtihan\\code\\yalla-emtihan-backend\\yalla-emtihan\\vendor\\laravel\\framework\\src\\Illuminate\\Container\\Container.php(1027): Laravel\\Lumen\\Application->make('Kreait\\\\Firebase...')
#5 C:\\Users\\Moe\\Documents\\Nubian Code\\Projects\\Yalla Emtihan\\code\\yalla-emtihan-backend\\yalla-emtihan\\vendor\\laravel\\framework\\src\\Illuminate\\Container\\Container.php(947): Illuminate\\Container\\Container->resolveClass(Object(ReflectionParameter))
#6 C:\\Users\\Moe\\Documents\\Nubian Code\\Projects\\Yalla Emtihan\\code\\yalla-emtihan-backend\\yalla-emtihan\\vendor\\laravel\\framework\\src\\Illuminate\\Container\\Container.php(908): Illuminate\\Container\\Container->resolveDependencies(Array)
#7 C:\\Users\\Moe\\Documents\\Nubian Code\\Projects\\Yalla Emtihan\\code\\yalla-emtihan-backend\\yalla-emtihan\\vendor\\laravel\\framework\\src\\Illuminate\\Container\\Container.php(758): Illuminate\\Container\\Container->build('App\\\\Services\\\\Fi...')
#8 C:\\Users\\Moe\\Documents\\Nubian Code\\Projects\\Yalla Emtihan\\code\\yalla-emtihan-backend\\yalla-emtihan\\vendor\\laravel\\framework\\src\\Illuminate\\Container\\Container.php(694): Illuminate\\Container\\Container->resolve('App\\\\Services\\\\Fi...', Array)
#9 C:\\Users\\Moe\\Documents\\Nubian Code\\Projects\\Yalla Emtihan\\code\\yalla-emtihan-backend\\yalla-emtihan\\vendor\\laravel\\lumen-framework\\src\\Application.php(300): Illuminate\\Container\\Container->make('App\\\\Services\\\\Fi...', Array)
#10 C:\\Users\\Moe\\Documents\\Nubian Code\\Projects\\Yalla Emtihan\\code\\yalla-emtihan-backend\\yalla-emtihan\\vendor\\laravel\\framework\\src\\Illuminate\\Foundation\\helpers.php(119): Laravel\\Lumen\\Application->make('App\\\\Services\\\\Fi...', Array)
#11 C:\\Users\\Moe\\Documents\\Nubian Code\\Projects\\Yalla Emtihan\\code\\yalla-emtihan-backend\\yalla-emtihan\\app\\Http\\Controllers\\Notification.php(16): app('App\\\\Services\\\\Fi...')
#12 C:\\Users\\Moe\\Documents\\Nubian Code\\Projects\\Yalla Emtihan\\code\\yalla-emtihan-backend\\yalla-emtihan\\app\\Http\\Controllers\\HomeworksController.php(27): App\\Http\\Controllers\\Notification->__construct()
#13 [internal function]: App\\Http\\Controllers\\HomeworksController->__construct()
#14 C:\\Users\\Moe\\Documents\\Nubian Code\\Projects\\Yalla Emtihan\\code\\yalla-emtihan-backend\\yalla-emtihan\\vendor\\laravel\\framework\\src\\Illuminate\\Container\\Container.php(917): ReflectionClass->newInstanceArgs(Array)
#15 C:\\Users\\Moe\\Documents\\Nubian Code\\Projects\\Yalla Emtihan\\code\\yalla-emtihan-backend\\yalla-emtihan\\vendor\\laravel\\framework\\src\\Illuminate\\Container\\Container.php(758): Illuminate\\Container\\Container->build('App\\\\Http\\\\Contro...')
#16 C:\\Users\\Moe\\Documents\\Nubian Code\\Projects\\Yalla Emtihan\\code\\yalla-emtihan-backend\\yalla-emtihan\\vendor\\laravel\\framework\\src\\Illuminate\\Container\\Container.php(694): Illuminate\\Container\\Container->resolve('App\\\\Http\\\\Contro...', Array)
#17 C:\\Users\\Moe\\Documents\\Nubian Code\\Projects\\Yalla Emtihan\\code\\yalla-emtihan-backend\\yalla-emtihan\\vendor\\laravel\\lumen-framework\\src\\Application.php(300): Illuminate\\Container\\Container->make('App\\\\Http\\\\Contro...', Array)
#18 C:\\Users\\Moe\\Documents\\Nubian Code\\Projects\\Yalla Emtihan\\code\\yalla-emtihan-backend\\yalla-emtihan\\vendor\\laravel\\lumen-framework\\src\\Concerns\\RoutesRequests.php(324): Laravel\\Lumen\\Application->make('App\\\\Http\\\\Contro...')
#19 C:\\Users\\Moe\\Documents\\Nubian Code\\Projects\\Yalla Emtihan\\code\\yalla-emtihan-backend\\yalla-emtihan\\vendor\\laravel\\lumen-framework\\src\\Concerns\\RoutesRequests.php(282): Laravel\\Lumen\\Application->callControllerAction(Array)
#20 C:\\Users\\Moe\\Documents\\Nubian Code\\Projects\\Yalla Emtihan\\code\\yalla-emtihan-backend\\yalla-emtihan\\vendor\\laravel\\lumen-framework\\src\\Concerns\\RoutesRequests.php(267): Laravel\\Lumen\\Application->callActionOnArrayBasedRoute(Array)
#21 C:\\Users\\Moe\\Documents\\Nubian Code\\Projects\\Yalla Emtihan\\code\\yalla-emtihan-backend\\yalla-emtihan\\vendor\\laravel\\lumen-framework\\src\\Concerns\\RoutesRequests.php(169): Laravel\\Lumen\\Application->handleFoundRoute(Array)
#22 C:\\Users\\Moe\\Documents\\Nubian Code\\Projects\\Yalla Emtihan\\code\\yalla-emtihan-backend\\yalla-emtihan\\vendor\\laravel\\lumen-framework\\src\\Routing\\Pipeline.php(48): Laravel\\Lumen\\Application->Laravel\\Lumen\\Concerns\\{closure}(Object(Laravel\\Lumen\\Http\\Request))
#23 C:\\Users\\Moe\\Documents\\Nubian Code\\Projects\\Yalla Emtihan\\code\\yalla-emtihan-backend\\yalla-emtihan\\vendor\\fruitcake\\laravel-cors\\src\\HandleCors.php(38): Laravel\\Lumen\\Routing\\Pipeline->Laravel\\Lumen\\Routing\\{closure}(Object(Laravel\\Lumen\\Http\\Request))
#24 C:\\Users\\Moe\\Documents\\Nubian Code\\Projects\\Yalla Emtihan\\code\\yalla-emtihan-backend\\yalla-emtihan\\vendor\\laravel\\framework\\src\\Illuminate\\Pipeline\\Pipeline.php(167): Fruitcake\\Cors\\HandleCors->handle(Object(Laravel\\Lumen\\Http\\Request), Object(Closure))
#25 C:\\Users\\Moe\\Documents\\Nubian Code\\Projects\\Yalla Emtihan\\code\\yalla-emtihan-backend\\yalla-emtihan\\vendor\\laravel\\lumen-framework\\src\\Routing\\Pipeline.php(30): Illuminate\\Pipeline\\Pipeline->Illuminate\\Pipeline\\{closure}(Object(Laravel\\Lumen\\Http\\Request))
#26 C:\\Users\\Moe\\Documents\\Nubian Code\\Projects\\Yalla Emtihan\\code\\yalla-emtihan-backend\\yalla-emtihan\\vendor\\laravel\\framework\\src\\Illuminate\\Pipeline\\Pipeline.php(103): Laravel\\Lumen\\Routing\\Pipeline->Laravel\\Lumen\\Routing\\{closure}(Object(Laravel\\Lumen\\Http\\Request))
#27 C:\\Users\\Moe\\Documents\\Nubian Code\\Projects\\Yalla Emtihan\\code\\yalla-emtihan-backend\\yalla-emtihan\\vendor\\laravel\\lumen-framework\\src\\Concerns\\RoutesRequests.php(426): Illuminate\\Pipeline\\Pipeline->then(Object(Closure))
#28 C:\\Users\\Moe\\Documents\\Nubian Code\\Projects\\Yalla Emtihan\\code\\yalla-emtihan-backend\\yalla-emtihan\\vendor\\laravel\\lumen-framework\\src\\Concerns\\RoutesRequests.php(175): Laravel\\Lumen\\Application->sendThroughPipeline(Array, Object(Closure))
#29 C:\\Users\\Moe\\Documents\\Nubian Code\\Projects\\Yalla Emtihan\\code\\yalla-emtihan-backend\\yalla-emtihan\\vendor\\laravel\\lumen-framework\\src\\Concerns\\RoutesRequests.php(112): Laravel\\Lumen\\Application->dispatch(NULL)
#30 C:\\Users\\Moe\\Documents\\Nubian Code\\Projects\\Yalla Emtihan\\code\\yalla-emtihan-backend\\yalla-emtihan\\public\\index.php(28): Laravel\\Lumen\\Application->run()
#31 {main}
"} 
[2025-05-15 20:04:10] local.ERROR: Unable to resolve dependency [Parameter #1 [ <required> $id ]] in class App\Http\Controllers\SchoolController {"exception":"[object] (Illuminate\\Contracts\\Container\\BindingResolutionException(code: 0): Unable to resolve dependency [Parameter #1 [ <required> $id ]] in class App\\Http\\Controllers\\SchoolController at C:\\Users\\Moe\\Documents\\Nubian Code\\Projects\\Yalla Emtihan\\code\\yalla-emtihan-backend\\yalla-emtihan\\vendor\\laravel\\framework\\src\\Illuminate\\Container\\BoundMethod.php:190)
[stacktrace]
#0 C:\\Users\\Moe\\Documents\\Nubian Code\\Projects\\Yalla Emtihan\\code\\yalla-emtihan-backend\\yalla-emtihan\\vendor\\laravel\\framework\\src\\Illuminate\\Container\\BoundMethod.php(124): Illuminate\\Container\\BoundMethod::addDependencyForCallParameter(Object(Laravel\\Lumen\\Application), Object(ReflectionParameter), Array, Array)
#1 C:\\Users\\Moe\\Documents\\Nubian Code\\Projects\\Yalla Emtihan\\code\\yalla-emtihan-backend\\yalla-emtihan\\vendor\\laravel\\framework\\src\\Illuminate\\Container\\BoundMethod.php(36): Illuminate\\Container\\BoundMethod::getMethodDependencies(Object(Laravel\\Lumen\\Application), Array, Array)
#2 C:\\Users\\Moe\\Documents\\Nubian Code\\Projects\\Yalla Emtihan\\code\\yalla-emtihan-backend\\yalla-emtihan\\vendor\\laravel\\framework\\src\\Illuminate\\Container\\Util.php(40): Illuminate\\Container\\BoundMethod::Illuminate\\Container\\{closure}()
#3 C:\\Users\\Moe\\Documents\\Nubian Code\\Projects\\Yalla Emtihan\\code\\yalla-emtihan-backend\\yalla-emtihan\\vendor\\laravel\\framework\\src\\Illuminate\\Container\\BoundMethod.php(93): Illuminate\\Container\\Util::unwrapIfClosure(Object(Closure))
#4 C:\\Users\\Moe\\Documents\\Nubian Code\\Projects\\Yalla Emtihan\\code\\yalla-emtihan-backend\\yalla-emtihan\\vendor\\laravel\\framework\\src\\Illuminate\\Container\\BoundMethod.php(37): Illuminate\\Container\\BoundMethod::callBoundMethod(Object(Laravel\\Lumen\\Application), Array, Object(Closure))
#5 C:\\Users\\Moe\\Documents\\Nubian Code\\Projects\\Yalla Emtihan\\code\\yalla-emtihan-backend\\yalla-emtihan\\vendor\\laravel\\framework\\src\\Illuminate\\Container\\Container.php(653): Illuminate\\Container\\BoundMethod::call(Object(Laravel\\Lumen\\Application), Array, Array, NULL)
#6 C:\\Users\\Moe\\Documents\\Nubian Code\\Projects\\Yalla Emtihan\\code\\yalla-emtihan-backend\\yalla-emtihan\\vendor\\laravel\\lumen-framework\\src\\Concerns\\RoutesRequests.php(389): Illuminate\\Container\\Container->call(Array, Array)
#7 C:\\Users\\Moe\\Documents\\Nubian Code\\Projects\\Yalla Emtihan\\code\\yalla-emtihan-backend\\yalla-emtihan\\vendor\\laravel\\lumen-framework\\src\\Concerns\\RoutesRequests.php(374): Laravel\\Lumen\\Application->callControllerCallable(Array, Array)
#8 C:\\Users\\Moe\\Documents\\Nubian Code\\Projects\\Yalla Emtihan\\code\\yalla-emtihan-backend\\yalla-emtihan\\vendor\\laravel\\lumen-framework\\src\\Routing\\Pipeline.php(48): Laravel\\Lumen\\Application->Laravel\\Lumen\\Concerns\\{closure}(Object(Laravel\\Lumen\\Http\\Request))
#9 C:\\Users\\Moe\\Documents\\Nubian Code\\Projects\\Yalla Emtihan\\code\\yalla-emtihan-backend\\yalla-emtihan\\app\\Http\\Middleware\\Authenticate.php(44): Laravel\\Lumen\\Routing\\Pipeline->Laravel\\Lumen\\Routing\\{closure}(Object(Laravel\\Lumen\\Http\\Request))
#10 C:\\Users\\Moe\\Documents\\Nubian Code\\Projects\\Yalla Emtihan\\code\\yalla-emtihan-backend\\yalla-emtihan\\vendor\\laravel\\framework\\src\\Illuminate\\Pipeline\\Pipeline.php(167): App\\Http\\Middleware\\Authenticate->handle(Object(Laravel\\Lumen\\Http\\Request), Object(Closure), 'api')
#11 C:\\Users\\Moe\\Documents\\Nubian Code\\Projects\\Yalla Emtihan\\code\\yalla-emtihan-backend\\yalla-emtihan\\vendor\\laravel\\lumen-framework\\src\\Routing\\Pipeline.php(30): Illuminate\\Pipeline\\Pipeline->Illuminate\\Pipeline\\{closure}(Object(Laravel\\Lumen\\Http\\Request))
#12 C:\\Users\\Moe\\Documents\\Nubian Code\\Projects\\Yalla Emtihan\\code\\yalla-emtihan-backend\\yalla-emtihan\\vendor\\laravel\\framework\\src\\Illuminate\\Pipeline\\Pipeline.php(103): Laravel\\Lumen\\Routing\\Pipeline->Laravel\\Lumen\\Routing\\{closure}(Object(Laravel\\Lumen\\Http\\Request))
#13 C:\\Users\\Moe\\Documents\\Nubian Code\\Projects\\Yalla Emtihan\\code\\yalla-emtihan-backend\\yalla-emtihan\\vendor\\laravel\\lumen-framework\\src\\Concerns\\RoutesRequests.php(426): Illuminate\\Pipeline\\Pipeline->then(Object(Closure))
#14 C:\\Users\\Moe\\Documents\\Nubian Code\\Projects\\Yalla Emtihan\\code\\yalla-emtihan-backend\\yalla-emtihan\\vendor\\laravel\\lumen-framework\\src\\Concerns\\RoutesRequests.php(375): Laravel\\Lumen\\Application->sendThroughPipeline(Array, Object(Closure))
#15 C:\\Users\\Moe\\Documents\\Nubian Code\\Projects\\Yalla Emtihan\\code\\yalla-emtihan-backend\\yalla-emtihan\\vendor\\laravel\\lumen-framework\\src\\Concerns\\RoutesRequests.php(351): Laravel\\Lumen\\Application->callLumenControllerWithMiddleware(Object(App\\Http\\Controllers\\SchoolController), 'editSchoolVideo', Array, Array)
#16 C:\\Users\\Moe\\Documents\\Nubian Code\\Projects\\Yalla Emtihan\\code\\yalla-emtihan-backend\\yalla-emtihan\\vendor\\laravel\\lumen-framework\\src\\Concerns\\RoutesRequests.php(329): Laravel\\Lumen\\Application->callLumenController(Object(App\\Http\\Controllers\\SchoolController), 'editSchoolVideo', Array)
#17 C:\\Users\\Moe\\Documents\\Nubian Code\\Projects\\Yalla Emtihan\\code\\yalla-emtihan-backend\\yalla-emtihan\\vendor\\laravel\\lumen-framework\\src\\Concerns\\RoutesRequests.php(282): Laravel\\Lumen\\Application->callControllerAction(Array)
#18 C:\\Users\\Moe\\Documents\\Nubian Code\\Projects\\Yalla Emtihan\\code\\yalla-emtihan-backend\\yalla-emtihan\\vendor\\laravel\\lumen-framework\\src\\Concerns\\RoutesRequests.php(267): Laravel\\Lumen\\Application->callActionOnArrayBasedRoute(Array)
#19 C:\\Users\\Moe\\Documents\\Nubian Code\\Projects\\Yalla Emtihan\\code\\yalla-emtihan-backend\\yalla-emtihan\\vendor\\laravel\\lumen-framework\\src\\Concerns\\RoutesRequests.php(169): Laravel\\Lumen\\Application->handleFoundRoute(Array)
#20 C:\\Users\\Moe\\Documents\\Nubian Code\\Projects\\Yalla Emtihan\\code\\yalla-emtihan-backend\\yalla-emtihan\\vendor\\laravel\\lumen-framework\\src\\Routing\\Pipeline.php(48): Laravel\\Lumen\\Application->Laravel\\Lumen\\Concerns\\{closure}(Object(Laravel\\Lumen\\Http\\Request))
#21 C:\\Users\\Moe\\Documents\\Nubian Code\\Projects\\Yalla Emtihan\\code\\yalla-emtihan-backend\\yalla-emtihan\\vendor\\fruitcake\\laravel-cors\\src\\HandleCors.php(38): Laravel\\Lumen\\Routing\\Pipeline->Laravel\\Lumen\\Routing\\{closure}(Object(Laravel\\Lumen\\Http\\Request))
#22 C:\\Users\\Moe\\Documents\\Nubian Code\\Projects\\Yalla Emtihan\\code\\yalla-emtihan-backend\\yalla-emtihan\\vendor\\laravel\\framework\\src\\Illuminate\\Pipeline\\Pipeline.php(167): Fruitcake\\Cors\\HandleCors->handle(Object(Laravel\\Lumen\\Http\\Request), Object(Closure))
#23 C:\\Users\\Moe\\Documents\\Nubian Code\\Projects\\Yalla Emtihan\\code\\yalla-emtihan-backend\\yalla-emtihan\\vendor\\laravel\\lumen-framework\\src\\Routing\\Pipeline.php(30): Illuminate\\Pipeline\\Pipeline->Illuminate\\Pipeline\\{closure}(Object(Laravel\\Lumen\\Http\\Request))
#24 C:\\Users\\Moe\\Documents\\Nubian Code\\Projects\\Yalla Emtihan\\code\\yalla-emtihan-backend\\yalla-emtihan\\vendor\\laravel\\framework\\src\\Illuminate\\Pipeline\\Pipeline.php(103): Laravel\\Lumen\\Routing\\Pipeline->Laravel\\Lumen\\Routing\\{closure}(Object(Laravel\\Lumen\\Http\\Request))
#25 C:\\Users\\Moe\\Documents\\Nubian Code\\Projects\\Yalla Emtihan\\code\\yalla-emtihan-backend\\yalla-emtihan\\vendor\\laravel\\lumen-framework\\src\\Concerns\\RoutesRequests.php(426): Illuminate\\Pipeline\\Pipeline->then(Object(Closure))
#26 C:\\Users\\Moe\\Documents\\Nubian Code\\Projects\\Yalla Emtihan\\code\\yalla-emtihan-backend\\yalla-emtihan\\vendor\\laravel\\lumen-framework\\src\\Concerns\\RoutesRequests.php(175): Laravel\\Lumen\\Application->sendThroughPipeline(Array, Object(Closure))
#27 C:\\Users\\Moe\\Documents\\Nubian Code\\Projects\\Yalla Emtihan\\code\\yalla-emtihan-backend\\yalla-emtihan\\vendor\\laravel\\lumen-framework\\src\\Concerns\\RoutesRequests.php(112): Laravel\\Lumen\\Application->dispatch(NULL)
#28 C:\\Users\\Moe\\Documents\\Nubian Code\\Projects\\Yalla Emtihan\\code\\yalla-emtihan-backend\\yalla-emtihan\\public\\index.php(28): Laravel\\Lumen\\Application->run()
#29 {main}
"} 
[2025-05-15 20:06:07] local.ERROR: Method Laravel\Lumen\Http\Request::validate does not exist. {"exception":"[object] (BadMethodCallException(code: 0): Method Laravel\\Lumen\\Http\\Request::validate does not exist. at C:\\Users\\Moe\\Documents\\Nubian Code\\Projects\\Yalla Emtihan\\code\\yalla-emtihan-backend\\yalla-emtihan\\vendor\\laravel\\framework\\src\\Illuminate\\Macroable\\Traits\\Macroable.php:113)
[stacktrace]
#0 C:\\Users\\Moe\\Documents\\Nubian Code\\Projects\\Yalla Emtihan\\code\\yalla-emtihan-backend\\yalla-emtihan\\app\\Http\\Controllers\\SchoolController.php(65): Illuminate\\Http\\Request->__call('validate', Array)
#1 C:\\Users\\Moe\\Documents\\Nubian Code\\Projects\\Yalla Emtihan\\code\\yalla-emtihan-backend\\yalla-emtihan\\vendor\\laravel\\framework\\src\\Illuminate\\Container\\BoundMethod.php(36): App\\Http\\Controllers\\SchoolController->editSchoolVideo(Object(Laravel\\Lumen\\Http\\Request))
#2 C:\\Users\\Moe\\Documents\\Nubian Code\\Projects\\Yalla Emtihan\\code\\yalla-emtihan-backend\\yalla-emtihan\\vendor\\laravel\\framework\\src\\Illuminate\\Container\\Util.php(40): Illuminate\\Container\\BoundMethod::Illuminate\\Container\\{closure}()
#3 C:\\Users\\Moe\\Documents\\Nubian Code\\Projects\\Yalla Emtihan\\code\\yalla-emtihan-backend\\yalla-emtihan\\vendor\\laravel\\framework\\src\\Illuminate\\Container\\BoundMethod.php(93): Illuminate\\Container\\Util::unwrapIfClosure(Object(Closure))
#4 C:\\Users\\Moe\\Documents\\Nubian Code\\Projects\\Yalla Emtihan\\code\\yalla-emtihan-backend\\yalla-emtihan\\vendor\\laravel\\framework\\src\\Illuminate\\Container\\BoundMethod.php(37): Illuminate\\Container\\BoundMethod::callBoundMethod(Object(Laravel\\Lumen\\Application), Array, Object(Closure))
#5 C:\\Users\\Moe\\Documents\\Nubian Code\\Projects\\Yalla Emtihan\\code\\yalla-emtihan-backend\\yalla-emtihan\\vendor\\laravel\\framework\\src\\Illuminate\\Container\\Container.php(653): Illuminate\\Container\\BoundMethod::call(Object(Laravel\\Lumen\\Application), Array, Array, NULL)
#6 C:\\Users\\Moe\\Documents\\Nubian Code\\Projects\\Yalla Emtihan\\code\\yalla-emtihan-backend\\yalla-emtihan\\vendor\\laravel\\lumen-framework\\src\\Concerns\\RoutesRequests.php(389): Illuminate\\Container\\Container->call(Array, Array)
#7 C:\\Users\\Moe\\Documents\\Nubian Code\\Projects\\Yalla Emtihan\\code\\yalla-emtihan-backend\\yalla-emtihan\\vendor\\laravel\\lumen-framework\\src\\Concerns\\RoutesRequests.php(374): Laravel\\Lumen\\Application->callControllerCallable(Array, Array)
#8 C:\\Users\\Moe\\Documents\\Nubian Code\\Projects\\Yalla Emtihan\\code\\yalla-emtihan-backend\\yalla-emtihan\\vendor\\laravel\\lumen-framework\\src\\Routing\\Pipeline.php(48): Laravel\\Lumen\\Application->Laravel\\Lumen\\Concerns\\{closure}(Object(Laravel\\Lumen\\Http\\Request))
#9 C:\\Users\\Moe\\Documents\\Nubian Code\\Projects\\Yalla Emtihan\\code\\yalla-emtihan-backend\\yalla-emtihan\\app\\Http\\Middleware\\Authenticate.php(44): Laravel\\Lumen\\Routing\\Pipeline->Laravel\\Lumen\\Routing\\{closure}(Object(Laravel\\Lumen\\Http\\Request))
#10 C:\\Users\\Moe\\Documents\\Nubian Code\\Projects\\Yalla Emtihan\\code\\yalla-emtihan-backend\\yalla-emtihan\\vendor\\laravel\\framework\\src\\Illuminate\\Pipeline\\Pipeline.php(167): App\\Http\\Middleware\\Authenticate->handle(Object(Laravel\\Lumen\\Http\\Request), Object(Closure), 'api')
#11 C:\\Users\\Moe\\Documents\\Nubian Code\\Projects\\Yalla Emtihan\\code\\yalla-emtihan-backend\\yalla-emtihan\\vendor\\laravel\\lumen-framework\\src\\Routing\\Pipeline.php(30): Illuminate\\Pipeline\\Pipeline->Illuminate\\Pipeline\\{closure}(Object(Laravel\\Lumen\\Http\\Request))
#12 C:\\Users\\Moe\\Documents\\Nubian Code\\Projects\\Yalla Emtihan\\code\\yalla-emtihan-backend\\yalla-emtihan\\vendor\\laravel\\framework\\src\\Illuminate\\Pipeline\\Pipeline.php(103): Laravel\\Lumen\\Routing\\Pipeline->Laravel\\Lumen\\Routing\\{closure}(Object(Laravel\\Lumen\\Http\\Request))
#13 C:\\Users\\Moe\\Documents\\Nubian Code\\Projects\\Yalla Emtihan\\code\\yalla-emtihan-backend\\yalla-emtihan\\vendor\\laravel\\lumen-framework\\src\\Concerns\\RoutesRequests.php(426): Illuminate\\Pipeline\\Pipeline->then(Object(Closure))
#14 C:\\Users\\Moe\\Documents\\Nubian Code\\Projects\\Yalla Emtihan\\code\\yalla-emtihan-backend\\yalla-emtihan\\vendor\\laravel\\lumen-framework\\src\\Concerns\\RoutesRequests.php(375): Laravel\\Lumen\\Application->sendThroughPipeline(Array, Object(Closure))
#15 C:\\Users\\Moe\\Documents\\Nubian Code\\Projects\\Yalla Emtihan\\code\\yalla-emtihan-backend\\yalla-emtihan\\vendor\\laravel\\lumen-framework\\src\\Concerns\\RoutesRequests.php(351): Laravel\\Lumen\\Application->callLumenControllerWithMiddleware(Object(App\\Http\\Controllers\\SchoolController), 'editSchoolVideo', Array, Array)
#16 C:\\Users\\Moe\\Documents\\Nubian Code\\Projects\\Yalla Emtihan\\code\\yalla-emtihan-backend\\yalla-emtihan\\vendor\\laravel\\lumen-framework\\src\\Concerns\\RoutesRequests.php(329): Laravel\\Lumen\\Application->callLumenController(Object(App\\Http\\Controllers\\SchoolController), 'editSchoolVideo', Array)
#17 C:\\Users\\Moe\\Documents\\Nubian Code\\Projects\\Yalla Emtihan\\code\\yalla-emtihan-backend\\yalla-emtihan\\vendor\\laravel\\lumen-framework\\src\\Concerns\\RoutesRequests.php(282): Laravel\\Lumen\\Application->callControllerAction(Array)
#18 C:\\Users\\Moe\\Documents\\Nubian Code\\Projects\\Yalla Emtihan\\code\\yalla-emtihan-backend\\yalla-emtihan\\vendor\\laravel\\lumen-framework\\src\\Concerns\\RoutesRequests.php(267): Laravel\\Lumen\\Application->callActionOnArrayBasedRoute(Array)
#19 C:\\Users\\Moe\\Documents\\Nubian Code\\Projects\\Yalla Emtihan\\code\\yalla-emtihan-backend\\yalla-emtihan\\vendor\\laravel\\lumen-framework\\src\\Concerns\\RoutesRequests.php(169): Laravel\\Lumen\\Application->handleFoundRoute(Array)
#20 C:\\Users\\Moe\\Documents\\Nubian Code\\Projects\\Yalla Emtihan\\code\\yalla-emtihan-backend\\yalla-emtihan\\vendor\\laravel\\lumen-framework\\src\\Routing\\Pipeline.php(48): Laravel\\Lumen\\Application->Laravel\\Lumen\\Concerns\\{closure}(Object(Laravel\\Lumen\\Http\\Request))
#21 C:\\Users\\Moe\\Documents\\Nubian Code\\Projects\\Yalla Emtihan\\code\\yalla-emtihan-backend\\yalla-emtihan\\vendor\\fruitcake\\laravel-cors\\src\\HandleCors.php(38): Laravel\\Lumen\\Routing\\Pipeline->Laravel\\Lumen\\Routing\\{closure}(Object(Laravel\\Lumen\\Http\\Request))
#22 C:\\Users\\Moe\\Documents\\Nubian Code\\Projects\\Yalla Emtihan\\code\\yalla-emtihan-backend\\yalla-emtihan\\vendor\\laravel\\framework\\src\\Illuminate\\Pipeline\\Pipeline.php(167): Fruitcake\\Cors\\HandleCors->handle(Object(Laravel\\Lumen\\Http\\Request), Object(Closure))
#23 C:\\Users\\Moe\\Documents\\Nubian Code\\Projects\\Yalla Emtihan\\code\\yalla-emtihan-backend\\yalla-emtihan\\vendor\\laravel\\lumen-framework\\src\\Routing\\Pipeline.php(30): Illuminate\\Pipeline\\Pipeline->Illuminate\\Pipeline\\{closure}(Object(Laravel\\Lumen\\Http\\Request))
#24 C:\\Users\\Moe\\Documents\\Nubian Code\\Projects\\Yalla Emtihan\\code\\yalla-emtihan-backend\\yalla-emtihan\\vendor\\laravel\\framework\\src\\Illuminate\\Pipeline\\Pipeline.php(103): Laravel\\Lumen\\Routing\\Pipeline->Laravel\\Lumen\\Routing\\{closure}(Object(Laravel\\Lumen\\Http\\Request))
#25 C:\\Users\\Moe\\Documents\\Nubian Code\\Projects\\Yalla Emtihan\\code\\yalla-emtihan-backend\\yalla-emtihan\\vendor\\laravel\\lumen-framework\\src\\Concerns\\RoutesRequests.php(426): Illuminate\\Pipeline\\Pipeline->then(Object(Closure))
#26 C:\\Users\\Moe\\Documents\\Nubian Code\\Projects\\Yalla Emtihan\\code\\yalla-emtihan-backend\\yalla-emtihan\\vendor\\laravel\\lumen-framework\\src\\Concerns\\RoutesRequests.php(175): Laravel\\Lumen\\Application->sendThroughPipeline(Array, Object(Closure))
#27 C:\\Users\\Moe\\Documents\\Nubian Code\\Projects\\Yalla Emtihan\\code\\yalla-emtihan-backend\\yalla-emtihan\\vendor\\laravel\\lumen-framework\\src\\Concerns\\RoutesRequests.php(112): Laravel\\Lumen\\Application->dispatch(NULL)
#28 C:\\Users\\Moe\\Documents\\Nubian Code\\Projects\\Yalla Emtihan\\code\\yalla-emtihan-backend\\yalla-emtihan\\public\\index.php(28): Laravel\\Lumen\\Application->run()
#29 {main}
"} 
[2025-05-15 20:13:29] local.ERROR: Class "App\Http\Controllers\SchoolVideoAdvance" not found {"exception":"[object] (Error(code: 0): Class \"App\\Http\\Controllers\\SchoolVideoAdvance\" not found at C:\\Users\\Moe\\Documents\\Nubian Code\\Projects\\Yalla Emtihan\\code\\yalla-emtihan-backend\\yalla-emtihan\\app\\Http\\Controllers\\SchoolController.php:82)
[stacktrace]
#0 C:\\Users\\Moe\\Documents\\Nubian Code\\Projects\\Yalla Emtihan\\code\\yalla-emtihan-backend\\yalla-emtihan\\vendor\\laravel\\framework\\src\\Illuminate\\Container\\BoundMethod.php(36): App\\Http\\Controllers\\SchoolController->editSchoolVideo(Object(Laravel\\Lumen\\Http\\Request))
#1 C:\\Users\\Moe\\Documents\\Nubian Code\\Projects\\Yalla Emtihan\\code\\yalla-emtihan-backend\\yalla-emtihan\\vendor\\laravel\\framework\\src\\Illuminate\\Container\\Util.php(40): Illuminate\\Container\\BoundMethod::Illuminate\\Container\\{closure}()
#2 C:\\Users\\Moe\\Documents\\Nubian Code\\Projects\\Yalla Emtihan\\code\\yalla-emtihan-backend\\yalla-emtihan\\vendor\\laravel\\framework\\src\\Illuminate\\Container\\BoundMethod.php(93): Illuminate\\Container\\Util::unwrapIfClosure(Object(Closure))
#3 C:\\Users\\Moe\\Documents\\Nubian Code\\Projects\\Yalla Emtihan\\code\\yalla-emtihan-backend\\yalla-emtihan\\vendor\\laravel\\framework\\src\\Illuminate\\Container\\BoundMethod.php(37): Illuminate\\Container\\BoundMethod::callBoundMethod(Object(Laravel\\Lumen\\Application), Array, Object(Closure))
#4 C:\\Users\\Moe\\Documents\\Nubian Code\\Projects\\Yalla Emtihan\\code\\yalla-emtihan-backend\\yalla-emtihan\\vendor\\laravel\\framework\\src\\Illuminate\\Container\\Container.php(653): Illuminate\\Container\\BoundMethod::call(Object(Laravel\\Lumen\\Application), Array, Array, NULL)
#5 C:\\Users\\Moe\\Documents\\Nubian Code\\Projects\\Yalla Emtihan\\code\\yalla-emtihan-backend\\yalla-emtihan\\vendor\\laravel\\lumen-framework\\src\\Concerns\\RoutesRequests.php(389): Illuminate\\Container\\Container->call(Array, Array)
#6 C:\\Users\\Moe\\Documents\\Nubian Code\\Projects\\Yalla Emtihan\\code\\yalla-emtihan-backend\\yalla-emtihan\\vendor\\laravel\\lumen-framework\\src\\Concerns\\RoutesRequests.php(374): Laravel\\Lumen\\Application->callControllerCallable(Array, Array)
#7 C:\\Users\\Moe\\Documents\\Nubian Code\\Projects\\Yalla Emtihan\\code\\yalla-emtihan-backend\\yalla-emtihan\\vendor\\laravel\\lumen-framework\\src\\Routing\\Pipeline.php(48): Laravel\\Lumen\\Application->Laravel\\Lumen\\Concerns\\{closure}(Object(Laravel\\Lumen\\Http\\Request))
#8 C:\\Users\\Moe\\Documents\\Nubian Code\\Projects\\Yalla Emtihan\\code\\yalla-emtihan-backend\\yalla-emtihan\\app\\Http\\Middleware\\Authenticate.php(44): Laravel\\Lumen\\Routing\\Pipeline->Laravel\\Lumen\\Routing\\{closure}(Object(Laravel\\Lumen\\Http\\Request))
#9 C:\\Users\\Moe\\Documents\\Nubian Code\\Projects\\Yalla Emtihan\\code\\yalla-emtihan-backend\\yalla-emtihan\\vendor\\laravel\\framework\\src\\Illuminate\\Pipeline\\Pipeline.php(167): App\\Http\\Middleware\\Authenticate->handle(Object(Laravel\\Lumen\\Http\\Request), Object(Closure), 'api')
#10 C:\\Users\\Moe\\Documents\\Nubian Code\\Projects\\Yalla Emtihan\\code\\yalla-emtihan-backend\\yalla-emtihan\\vendor\\laravel\\lumen-framework\\src\\Routing\\Pipeline.php(30): Illuminate\\Pipeline\\Pipeline->Illuminate\\Pipeline\\{closure}(Object(Laravel\\Lumen\\Http\\Request))
#11 C:\\Users\\Moe\\Documents\\Nubian Code\\Projects\\Yalla Emtihan\\code\\yalla-emtihan-backend\\yalla-emtihan\\vendor\\laravel\\framework\\src\\Illuminate\\Pipeline\\Pipeline.php(103): Laravel\\Lumen\\Routing\\Pipeline->Laravel\\Lumen\\Routing\\{closure}(Object(Laravel\\Lumen\\Http\\Request))
#12 C:\\Users\\Moe\\Documents\\Nubian Code\\Projects\\Yalla Emtihan\\code\\yalla-emtihan-backend\\yalla-emtihan\\vendor\\laravel\\lumen-framework\\src\\Concerns\\RoutesRequests.php(426): Illuminate\\Pipeline\\Pipeline->then(Object(Closure))
#13 C:\\Users\\Moe\\Documents\\Nubian Code\\Projects\\Yalla Emtihan\\code\\yalla-emtihan-backend\\yalla-emtihan\\vendor\\laravel\\lumen-framework\\src\\Concerns\\RoutesRequests.php(375): Laravel\\Lumen\\Application->sendThroughPipeline(Array, Object(Closure))
#14 C:\\Users\\Moe\\Documents\\Nubian Code\\Projects\\Yalla Emtihan\\code\\yalla-emtihan-backend\\yalla-emtihan\\vendor\\laravel\\lumen-framework\\src\\Concerns\\RoutesRequests.php(351): Laravel\\Lumen\\Application->callLumenControllerWithMiddleware(Object(App\\Http\\Controllers\\SchoolController), 'editSchoolVideo', Array, Array)
#15 C:\\Users\\Moe\\Documents\\Nubian Code\\Projects\\Yalla Emtihan\\code\\yalla-emtihan-backend\\yalla-emtihan\\vendor\\laravel\\lumen-framework\\src\\Concerns\\RoutesRequests.php(329): Laravel\\Lumen\\Application->callLumenController(Object(App\\Http\\Controllers\\SchoolController), 'editSchoolVideo', Array)
#16 C:\\Users\\Moe\\Documents\\Nubian Code\\Projects\\Yalla Emtihan\\code\\yalla-emtihan-backend\\yalla-emtihan\\vendor\\laravel\\lumen-framework\\src\\Concerns\\RoutesRequests.php(282): Laravel\\Lumen\\Application->callControllerAction(Array)
#17 C:\\Users\\Moe\\Documents\\Nubian Code\\Projects\\Yalla Emtihan\\code\\yalla-emtihan-backend\\yalla-emtihan\\vendor\\laravel\\lumen-framework\\src\\Concerns\\RoutesRequests.php(267): Laravel\\Lumen\\Application->callActionOnArrayBasedRoute(Array)
#18 C:\\Users\\Moe\\Documents\\Nubian Code\\Projects\\Yalla Emtihan\\code\\yalla-emtihan-backend\\yalla-emtihan\\vendor\\laravel\\lumen-framework\\src\\Concerns\\RoutesRequests.php(169): Laravel\\Lumen\\Application->handleFoundRoute(Array)
#19 C:\\Users\\Moe\\Documents\\Nubian Code\\Projects\\Yalla Emtihan\\code\\yalla-emtihan-backend\\yalla-emtihan\\vendor\\laravel\\lumen-framework\\src\\Routing\\Pipeline.php(48): Laravel\\Lumen\\Application->Laravel\\Lumen\\Concerns\\{closure}(Object(Laravel\\Lumen\\Http\\Request))
#20 C:\\Users\\Moe\\Documents\\Nubian Code\\Projects\\Yalla Emtihan\\code\\yalla-emtihan-backend\\yalla-emtihan\\vendor\\fruitcake\\laravel-cors\\src\\HandleCors.php(38): Laravel\\Lumen\\Routing\\Pipeline->Laravel\\Lumen\\Routing\\{closure}(Object(Laravel\\Lumen\\Http\\Request))
#21 C:\\Users\\Moe\\Documents\\Nubian Code\\Projects\\Yalla Emtihan\\code\\yalla-emtihan-backend\\yalla-emtihan\\vendor\\laravel\\framework\\src\\Illuminate\\Pipeline\\Pipeline.php(167): Fruitcake\\Cors\\HandleCors->handle(Object(Laravel\\Lumen\\Http\\Request), Object(Closure))
#22 C:\\Users\\Moe\\Documents\\Nubian Code\\Projects\\Yalla Emtihan\\code\\yalla-emtihan-backend\\yalla-emtihan\\vendor\\laravel\\lumen-framework\\src\\Routing\\Pipeline.php(30): Illuminate\\Pipeline\\Pipeline->Illuminate\\Pipeline\\{closure}(Object(Laravel\\Lumen\\Http\\Request))
#23 C:\\Users\\Moe\\Documents\\Nubian Code\\Projects\\Yalla Emtihan\\code\\yalla-emtihan-backend\\yalla-emtihan\\vendor\\laravel\\framework\\src\\Illuminate\\Pipeline\\Pipeline.php(103): Laravel\\Lumen\\Routing\\Pipeline->Laravel\\Lumen\\Routing\\{closure}(Object(Laravel\\Lumen\\Http\\Request))
#24 C:\\Users\\Moe\\Documents\\Nubian Code\\Projects\\Yalla Emtihan\\code\\yalla-emtihan-backend\\yalla-emtihan\\vendor\\laravel\\lumen-framework\\src\\Concerns\\RoutesRequests.php(426): Illuminate\\Pipeline\\Pipeline->then(Object(Closure))
#25 C:\\Users\\Moe\\Documents\\Nubian Code\\Projects\\Yalla Emtihan\\code\\yalla-emtihan-backend\\yalla-emtihan\\vendor\\laravel\\lumen-framework\\src\\Concerns\\RoutesRequests.php(175): Laravel\\Lumen\\Application->sendThroughPipeline(Array, Object(Closure))
#26 C:\\Users\\Moe\\Documents\\Nubian Code\\Projects\\Yalla Emtihan\\code\\yalla-emtihan-backend\\yalla-emtihan\\vendor\\laravel\\lumen-framework\\src\\Concerns\\RoutesRequests.php(112): Laravel\\Lumen\\Application->dispatch(NULL)
#27 C:\\Users\\Moe\\Documents\\Nubian Code\\Projects\\Yalla Emtihan\\code\\yalla-emtihan-backend\\yalla-emtihan\\public\\index.php(28): Laravel\\Lumen\\Application->run()
#28 {main}
"} 
[2025-05-15 20:27:15] local.ERROR: Class "App\Http\Controllers\SchoolVideoAdvance" not found {"exception":"[object] (Error(code: 0): Class \"App\\Http\\Controllers\\SchoolVideoAdvance\" not found at C:\\Users\\Moe\\Documents\\Nubian Code\\Projects\\Yalla Emtihan\\code\\yalla-emtihan-backend\\yalla-emtihan\\app\\Http\\Controllers\\SchoolController.php:126)
[stacktrace]
#0 C:\\Users\\Moe\\Documents\\Nubian Code\\Projects\\Yalla Emtihan\\code\\yalla-emtihan-backend\\yalla-emtihan\\vendor\\laravel\\framework\\src\\Illuminate\\Container\\BoundMethod.php(36): App\\Http\\Controllers\\SchoolController->editSchoolVideo(Object(Laravel\\Lumen\\Http\\Request))
#1 C:\\Users\\Moe\\Documents\\Nubian Code\\Projects\\Yalla Emtihan\\code\\yalla-emtihan-backend\\yalla-emtihan\\vendor\\laravel\\framework\\src\\Illuminate\\Container\\Util.php(40): Illuminate\\Container\\BoundMethod::Illuminate\\Container\\{closure}()
#2 C:\\Users\\Moe\\Documents\\Nubian Code\\Projects\\Yalla Emtihan\\code\\yalla-emtihan-backend\\yalla-emtihan\\vendor\\laravel\\framework\\src\\Illuminate\\Container\\BoundMethod.php(93): Illuminate\\Container\\Util::unwrapIfClosure(Object(Closure))
#3 C:\\Users\\Moe\\Documents\\Nubian Code\\Projects\\Yalla Emtihan\\code\\yalla-emtihan-backend\\yalla-emtihan\\vendor\\laravel\\framework\\src\\Illuminate\\Container\\BoundMethod.php(37): Illuminate\\Container\\BoundMethod::callBoundMethod(Object(Laravel\\Lumen\\Application), Array, Object(Closure))
#4 C:\\Users\\Moe\\Documents\\Nubian Code\\Projects\\Yalla Emtihan\\code\\yalla-emtihan-backend\\yalla-emtihan\\vendor\\laravel\\framework\\src\\Illuminate\\Container\\Container.php(653): Illuminate\\Container\\BoundMethod::call(Object(Laravel\\Lumen\\Application), Array, Array, NULL)
#5 C:\\Users\\Moe\\Documents\\Nubian Code\\Projects\\Yalla Emtihan\\code\\yalla-emtihan-backend\\yalla-emtihan\\vendor\\laravel\\lumen-framework\\src\\Concerns\\RoutesRequests.php(389): Illuminate\\Container\\Container->call(Array, Array)
#6 C:\\Users\\Moe\\Documents\\Nubian Code\\Projects\\Yalla Emtihan\\code\\yalla-emtihan-backend\\yalla-emtihan\\vendor\\laravel\\lumen-framework\\src\\Concerns\\RoutesRequests.php(374): Laravel\\Lumen\\Application->callControllerCallable(Array, Array)
#7 C:\\Users\\Moe\\Documents\\Nubian Code\\Projects\\Yalla Emtihan\\code\\yalla-emtihan-backend\\yalla-emtihan\\vendor\\laravel\\lumen-framework\\src\\Routing\\Pipeline.php(48): Laravel\\Lumen\\Application->Laravel\\Lumen\\Concerns\\{closure}(Object(Laravel\\Lumen\\Http\\Request))
#8 C:\\Users\\Moe\\Documents\\Nubian Code\\Projects\\Yalla Emtihan\\code\\yalla-emtihan-backend\\yalla-emtihan\\app\\Http\\Middleware\\Authenticate.php(44): Laravel\\Lumen\\Routing\\Pipeline->Laravel\\Lumen\\Routing\\{closure}(Object(Laravel\\Lumen\\Http\\Request))
#9 C:\\Users\\Moe\\Documents\\Nubian Code\\Projects\\Yalla Emtihan\\code\\yalla-emtihan-backend\\yalla-emtihan\\vendor\\laravel\\framework\\src\\Illuminate\\Pipeline\\Pipeline.php(167): App\\Http\\Middleware\\Authenticate->handle(Object(Laravel\\Lumen\\Http\\Request), Object(Closure), 'api')
#10 C:\\Users\\Moe\\Documents\\Nubian Code\\Projects\\Yalla Emtihan\\code\\yalla-emtihan-backend\\yalla-emtihan\\vendor\\laravel\\lumen-framework\\src\\Routing\\Pipeline.php(30): Illuminate\\Pipeline\\Pipeline->Illuminate\\Pipeline\\{closure}(Object(Laravel\\Lumen\\Http\\Request))
#11 C:\\Users\\Moe\\Documents\\Nubian Code\\Projects\\Yalla Emtihan\\code\\yalla-emtihan-backend\\yalla-emtihan\\vendor\\laravel\\framework\\src\\Illuminate\\Pipeline\\Pipeline.php(103): Laravel\\Lumen\\Routing\\Pipeline->Laravel\\Lumen\\Routing\\{closure}(Object(Laravel\\Lumen\\Http\\Request))
#12 C:\\Users\\Moe\\Documents\\Nubian Code\\Projects\\Yalla Emtihan\\code\\yalla-emtihan-backend\\yalla-emtihan\\vendor\\laravel\\lumen-framework\\src\\Concerns\\RoutesRequests.php(426): Illuminate\\Pipeline\\Pipeline->then(Object(Closure))
#13 C:\\Users\\Moe\\Documents\\Nubian Code\\Projects\\Yalla Emtihan\\code\\yalla-emtihan-backend\\yalla-emtihan\\vendor\\laravel\\lumen-framework\\src\\Concerns\\RoutesRequests.php(375): Laravel\\Lumen\\Application->sendThroughPipeline(Array, Object(Closure))
#14 C:\\Users\\Moe\\Documents\\Nubian Code\\Projects\\Yalla Emtihan\\code\\yalla-emtihan-backend\\yalla-emtihan\\vendor\\laravel\\lumen-framework\\src\\Concerns\\RoutesRequests.php(351): Laravel\\Lumen\\Application->callLumenControllerWithMiddleware(Object(App\\Http\\Controllers\\SchoolController), 'editSchoolVideo', Array, Array)
#15 C:\\Users\\Moe\\Documents\\Nubian Code\\Projects\\Yalla Emtihan\\code\\yalla-emtihan-backend\\yalla-emtihan\\vendor\\laravel\\lumen-framework\\src\\Concerns\\RoutesRequests.php(329): Laravel\\Lumen\\Application->callLumenController(Object(App\\Http\\Controllers\\SchoolController), 'editSchoolVideo', Array)
#16 C:\\Users\\Moe\\Documents\\Nubian Code\\Projects\\Yalla Emtihan\\code\\yalla-emtihan-backend\\yalla-emtihan\\vendor\\laravel\\lumen-framework\\src\\Concerns\\RoutesRequests.php(282): Laravel\\Lumen\\Application->callControllerAction(Array)
#17 C:\\Users\\Moe\\Documents\\Nubian Code\\Projects\\Yalla Emtihan\\code\\yalla-emtihan-backend\\yalla-emtihan\\vendor\\laravel\\lumen-framework\\src\\Concerns\\RoutesRequests.php(267): Laravel\\Lumen\\Application->callActionOnArrayBasedRoute(Array)
#18 C:\\Users\\Moe\\Documents\\Nubian Code\\Projects\\Yalla Emtihan\\code\\yalla-emtihan-backend\\yalla-emtihan\\vendor\\laravel\\lumen-framework\\src\\Concerns\\RoutesRequests.php(169): Laravel\\Lumen\\Application->handleFoundRoute(Array)
#19 C:\\Users\\Moe\\Documents\\Nubian Code\\Projects\\Yalla Emtihan\\code\\yalla-emtihan-backend\\yalla-emtihan\\vendor\\laravel\\lumen-framework\\src\\Routing\\Pipeline.php(48): Laravel\\Lumen\\Application->Laravel\\Lumen\\Concerns\\{closure}(Object(Laravel\\Lumen\\Http\\Request))
#20 C:\\Users\\Moe\\Documents\\Nubian Code\\Projects\\Yalla Emtihan\\code\\yalla-emtihan-backend\\yalla-emtihan\\vendor\\fruitcake\\laravel-cors\\src\\HandleCors.php(38): Laravel\\Lumen\\Routing\\Pipeline->Laravel\\Lumen\\Routing\\{closure}(Object(Laravel\\Lumen\\Http\\Request))
#21 C:\\Users\\Moe\\Documents\\Nubian Code\\Projects\\Yalla Emtihan\\code\\yalla-emtihan-backend\\yalla-emtihan\\vendor\\laravel\\framework\\src\\Illuminate\\Pipeline\\Pipeline.php(167): Fruitcake\\Cors\\HandleCors->handle(Object(Laravel\\Lumen\\Http\\Request), Object(Closure))
#22 C:\\Users\\Moe\\Documents\\Nubian Code\\Projects\\Yalla Emtihan\\code\\yalla-emtihan-backend\\yalla-emtihan\\vendor\\laravel\\lumen-framework\\src\\Routing\\Pipeline.php(30): Illuminate\\Pipeline\\Pipeline->Illuminate\\Pipeline\\{closure}(Object(Laravel\\Lumen\\Http\\Request))
#23 C:\\Users\\Moe\\Documents\\Nubian Code\\Projects\\Yalla Emtihan\\code\\yalla-emtihan-backend\\yalla-emtihan\\vendor\\laravel\\framework\\src\\Illuminate\\Pipeline\\Pipeline.php(103): Laravel\\Lumen\\Routing\\Pipeline->Laravel\\Lumen\\Routing\\{closure}(Object(Laravel\\Lumen\\Http\\Request))
#24 C:\\Users\\Moe\\Documents\\Nubian Code\\Projects\\Yalla Emtihan\\code\\yalla-emtihan-backend\\yalla-emtihan\\vendor\\laravel\\lumen-framework\\src\\Concerns\\RoutesRequests.php(426): Illuminate\\Pipeline\\Pipeline->then(Object(Closure))
#25 C:\\Users\\Moe\\Documents\\Nubian Code\\Projects\\Yalla Emtihan\\code\\yalla-emtihan-backend\\yalla-emtihan\\vendor\\laravel\\lumen-framework\\src\\Concerns\\RoutesRequests.php(175): Laravel\\Lumen\\Application->sendThroughPipeline(Array, Object(Closure))
#26 C:\\Users\\Moe\\Documents\\Nubian Code\\Projects\\Yalla Emtihan\\code\\yalla-emtihan-backend\\yalla-emtihan\\vendor\\laravel\\lumen-framework\\src\\Concerns\\RoutesRequests.php(112): Laravel\\Lumen\\Application->dispatch(NULL)
#27 C:\\Users\\Moe\\Documents\\Nubian Code\\Projects\\Yalla Emtihan\\code\\yalla-emtihan-backend\\yalla-emtihan\\public\\index.php(28): Laravel\\Lumen\\Application->run()
#28 {main}
"} 
