[2025-05-05 16:17:54] local.ERROR: Cannot access offset of type string on string {"exception":"[object] (TypeError(code: 0): Cannot access offset of type string on string at C:\\Users\\Moe\\Documents\\Nubian Code\\Projects\\Yalla Emtihan\\code\\yalla-emtihan-backend\\yalla-emtihan\\app\\Services\\FirebaseNotificationService.php:62)
[stacktrace]
#0 C:\\Users\\Moe\\Documents\\Nubian Code\\Projects\\Yalla Emtihan\\code\\yalla-emtihan-backend\\yalla-emtihan\\app\\Http\\Controllers\\Notification.php(45): App\\Services\\FirebaseNotificationService->sendToAll('school_2', Array)
#1 C:\\Users\\Moe\\Documents\\Nubian Code\\Projects\\Yalla Emtihan\\code\\yalla-emtihan-backend\\yalla-emtihan\\app\\Http\\Controllers\\SchoolController.php(698): App\\Http\\Controllers\\Notification->sendGroupFullAppNotification('school_2', 'pushNotificatio...', Array)
#2 C:\\Users\\Moe\\Documents\\Nubian Code\\Projects\\Yalla Emtihan\\code\\yalla-emtihan-backend\\yalla-emtihan\\vendor\\laravel\\framework\\src\\Illuminate\\Container\\BoundMethod.php(36): App\\Http\\Controllers\\SchoolController->sendNotification(Object(Laravel\\Lumen\\Http\\Request))
#3 C:\\Users\\Moe\\Documents\\Nubian Code\\Projects\\Yalla Emtihan\\code\\yalla-emtihan-backend\\yalla-emtihan\\vendor\\laravel\\framework\\src\\Illuminate\\Container\\Util.php(40): Illuminate\\Container\\BoundMethod::Illuminate\\Container\\{closure}()
#4 C:\\Users\\Moe\\Documents\\Nubian Code\\Projects\\Yalla Emtihan\\code\\yalla-emtihan-backend\\yalla-emtihan\\vendor\\laravel\\framework\\src\\Illuminate\\Container\\BoundMethod.php(93): Illuminate\\Container\\Util::unwrapIfClosure(Object(Closure))
#5 C:\\Users\\Moe\\Documents\\Nubian Code\\Projects\\Yalla Emtihan\\code\\yalla-emtihan-backend\\yalla-emtihan\\vendor\\laravel\\framework\\src\\Illuminate\\Container\\BoundMethod.php(37): Illuminate\\Container\\BoundMethod::callBoundMethod(Object(Laravel\\Lumen\\Application), Array, Object(Closure))
#6 C:\\Users\\Moe\\Documents\\Nubian Code\\Projects\\Yalla Emtihan\\code\\yalla-emtihan-backend\\yalla-emtihan\\vendor\\laravel\\framework\\src\\Illuminate\\Container\\Container.php(653): Illuminate\\Container\\BoundMethod::call(Object(Laravel\\Lumen\\Application), Array, Array, NULL)
#7 C:\\Users\\Moe\\Documents\\Nubian Code\\Projects\\Yalla Emtihan\\code\\yalla-emtihan-backend\\yalla-emtihan\\vendor\\laravel\\lumen-framework\\src\\Concerns\\RoutesRequests.php(389): Illuminate\\Container\\Container->call(Array, Array)
#8 C:\\Users\\Moe\\Documents\\Nubian Code\\Projects\\Yalla Emtihan\\code\\yalla-emtihan-backend\\yalla-emtihan\\vendor\\laravel\\lumen-framework\\src\\Concerns\\RoutesRequests.php(374): Laravel\\Lumen\\Application->callControllerCallable(Array, Array)
#9 C:\\Users\\Moe\\Documents\\Nubian Code\\Projects\\Yalla Emtihan\\code\\yalla-emtihan-backend\\yalla-emtihan\\vendor\\laravel\\lumen-framework\\src\\Routing\\Pipeline.php(48): Laravel\\Lumen\\Application->Laravel\\Lumen\\Concerns\\{closure}(Object(Laravel\\Lumen\\Http\\Request))
#10 C:\\Users\\Moe\\Documents\\Nubian Code\\Projects\\Yalla Emtihan\\code\\yalla-emtihan-backend\\yalla-emtihan\\app\\Http\\Middleware\\Authenticate.php(44): Laravel\\Lumen\\Routing\\Pipeline->Laravel\\Lumen\\Routing\\{closure}(Object(Laravel\\Lumen\\Http\\Request))
#11 C:\\Users\\Moe\\Documents\\Nubian Code\\Projects\\Yalla Emtihan\\code\\yalla-emtihan-backend\\yalla-emtihan\\vendor\\laravel\\framework\\src\\Illuminate\\Pipeline\\Pipeline.php(167): App\\Http\\Middleware\\Authenticate->handle(Object(Laravel\\Lumen\\Http\\Request), Object(Closure), 'api')
#12 C:\\Users\\Moe\\Documents\\Nubian Code\\Projects\\Yalla Emtihan\\code\\yalla-emtihan-backend\\yalla-emtihan\\vendor\\laravel\\lumen-framework\\src\\Routing\\Pipeline.php(30): Illuminate\\Pipeline\\Pipeline->Illuminate\\Pipeline\\{closure}(Object(Laravel\\Lumen\\Http\\Request))
#13 C:\\Users\\Moe\\Documents\\Nubian Code\\Projects\\Yalla Emtihan\\code\\yalla-emtihan-backend\\yalla-emtihan\\vendor\\laravel\\framework\\src\\Illuminate\\Pipeline\\Pipeline.php(103): Laravel\\Lumen\\Routing\\Pipeline->Laravel\\Lumen\\Routing\\{closure}(Object(Laravel\\Lumen\\Http\\Request))
#14 C:\\Users\\Moe\\Documents\\Nubian Code\\Projects\\Yalla Emtihan\\code\\yalla-emtihan-backend\\yalla-emtihan\\vendor\\laravel\\lumen-framework\\src\\Concerns\\RoutesRequests.php(426): Illuminate\\Pipeline\\Pipeline->then(Object(Closure))
#15 C:\\Users\\Moe\\Documents\\Nubian Code\\Projects\\Yalla Emtihan\\code\\yalla-emtihan-backend\\yalla-emtihan\\vendor\\laravel\\lumen-framework\\src\\Concerns\\RoutesRequests.php(375): Laravel\\Lumen\\Application->sendThroughPipeline(Array, Object(Closure))
#16 C:\\Users\\Moe\\Documents\\Nubian Code\\Projects\\Yalla Emtihan\\code\\yalla-emtihan-backend\\yalla-emtihan\\vendor\\laravel\\lumen-framework\\src\\Concerns\\RoutesRequests.php(351): Laravel\\Lumen\\Application->callLumenControllerWithMiddleware(Object(App\\Http\\Controllers\\SchoolController), 'sendNotificatio...', Array, Array)
#17 C:\\Users\\Moe\\Documents\\Nubian Code\\Projects\\Yalla Emtihan\\code\\yalla-emtihan-backend\\yalla-emtihan\\vendor\\laravel\\lumen-framework\\src\\Concerns\\RoutesRequests.php(329): Laravel\\Lumen\\Application->callLumenController(Object(App\\Http\\Controllers\\SchoolController), 'sendNotificatio...', Array)
#18 C:\\Users\\Moe\\Documents\\Nubian Code\\Projects\\Yalla Emtihan\\code\\yalla-emtihan-backend\\yalla-emtihan\\vendor\\laravel\\lumen-framework\\src\\Concerns\\RoutesRequests.php(282): Laravel\\Lumen\\Application->callControllerAction(Array)
#19 C:\\Users\\Moe\\Documents\\Nubian Code\\Projects\\Yalla Emtihan\\code\\yalla-emtihan-backend\\yalla-emtihan\\vendor\\laravel\\lumen-framework\\src\\Concerns\\RoutesRequests.php(267): Laravel\\Lumen\\Application->callActionOnArrayBasedRoute(Array)
#20 C:\\Users\\Moe\\Documents\\Nubian Code\\Projects\\Yalla Emtihan\\code\\yalla-emtihan-backend\\yalla-emtihan\\vendor\\laravel\\lumen-framework\\src\\Concerns\\RoutesRequests.php(169): Laravel\\Lumen\\Application->handleFoundRoute(Array)
#21 C:\\Users\\Moe\\Documents\\Nubian Code\\Projects\\Yalla Emtihan\\code\\yalla-emtihan-backend\\yalla-emtihan\\vendor\\laravel\\lumen-framework\\src\\Routing\\Pipeline.php(48): Laravel\\Lumen\\Application->Laravel\\Lumen\\Concerns\\{closure}(Object(Laravel\\Lumen\\Http\\Request))
#22 C:\\Users\\Moe\\Documents\\Nubian Code\\Projects\\Yalla Emtihan\\code\\yalla-emtihan-backend\\yalla-emtihan\\vendor\\fruitcake\\laravel-cors\\src\\HandleCors.php(38): Laravel\\Lumen\\Routing\\Pipeline->Laravel\\Lumen\\Routing\\{closure}(Object(Laravel\\Lumen\\Http\\Request))
#23 C:\\Users\\Moe\\Documents\\Nubian Code\\Projects\\Yalla Emtihan\\code\\yalla-emtihan-backend\\yalla-emtihan\\vendor\\laravel\\framework\\src\\Illuminate\\Pipeline\\Pipeline.php(167): Fruitcake\\Cors\\HandleCors->handle(Object(Laravel\\Lumen\\Http\\Request), Object(Closure))
#24 C:\\Users\\Moe\\Documents\\Nubian Code\\Projects\\Yalla Emtihan\\code\\yalla-emtihan-backend\\yalla-emtihan\\vendor\\laravel\\lumen-framework\\src\\Routing\\Pipeline.php(30): Illuminate\\Pipeline\\Pipeline->Illuminate\\Pipeline\\{closure}(Object(Laravel\\Lumen\\Http\\Request))
#25 C:\\Users\\Moe\\Documents\\Nubian Code\\Projects\\Yalla Emtihan\\code\\yalla-emtihan-backend\\yalla-emtihan\\vendor\\laravel\\framework\\src\\Illuminate\\Pipeline\\Pipeline.php(103): Laravel\\Lumen\\Routing\\Pipeline->Laravel\\Lumen\\Routing\\{closure}(Object(Laravel\\Lumen\\Http\\Request))
#26 C:\\Users\\Moe\\Documents\\Nubian Code\\Projects\\Yalla Emtihan\\code\\yalla-emtihan-backend\\yalla-emtihan\\vendor\\laravel\\lumen-framework\\src\\Concerns\\RoutesRequests.php(426): Illuminate\\Pipeline\\Pipeline->then(Object(Closure))
#27 C:\\Users\\Moe\\Documents\\Nubian Code\\Projects\\Yalla Emtihan\\code\\yalla-emtihan-backend\\yalla-emtihan\\vendor\\laravel\\lumen-framework\\src\\Concerns\\RoutesRequests.php(175): Laravel\\Lumen\\Application->sendThroughPipeline(Array, Object(Closure))
#28 C:\\Users\\Moe\\Documents\\Nubian Code\\Projects\\Yalla Emtihan\\code\\yalla-emtihan-backend\\yalla-emtihan\\vendor\\laravel\\lumen-framework\\src\\Concerns\\RoutesRequests.php(112): Laravel\\Lumen\\Application->dispatch(NULL)
#29 C:\\Users\\Moe\\Documents\\Nubian Code\\Projects\\Yalla Emtihan\\code\\yalla-emtihan-backend\\yalla-emtihan\\public\\index.php(28): Laravel\\Lumen\\Application->run()
#30 {main}
"} 
[2025-05-05 16:41:02] local.ERROR: Firebase Notification Error: Android message is too big  
[2025-05-05 16:45:32] local.ERROR: Firebase Notification Error: Unable to connect to the API: cURL error 28: Connection timed out after 15001 milliseconds (see https://curl.haxx.se/libcurl/c/libcurl-errors.html) for https://oauth2.googleapis.com/token  
[2025-05-05 16:49:43] local.ERROR: Firebase Notification Error: Android message is too big  
